# JRE version: OpenJDK Runtime Environment (11.0.2+9) (build 11.0.2+9)
# Java VM: OpenJDK 64-Bit Server VM (11.0.2+9, mixed mode, tiered, compressed oops, g1 gc, windows-amd64)
Heap:
 garbage-first heap   total 223232K, used 72526K [0x0000000082600000, 0x0000000100000000)
  region size 1024K, 5 young (5120K), 5 survivors (5120K)
 Metaspace       used 47919K, capacity 50181K, committed 50256K, reserved 1091584K
  class space    used 6549K, capacity 7495K, committed 7508K, reserved 1048576K
GC Heap History (10 events):
Event: 13.246 GC heap after
{Heap after GC invocations=15 (full 0):
 garbage-first heap   total 129024K, used 70135K [0x0000000082600000, 0x0000000100000000)
  region size 1024K, 3 young (3072K), 3 survivors (3072K)
 Metaspace       used 47917K, capacity 50180K, committed 50256K, reserved 1091584K
  class space    used 6548K, capacity 7495K, committed 7508K, reserved 1048576K
}
Event: 13.300 GC heap before
{Heap before GC invocations=16 (full 0):
 garbage-first heap   total 129024K, used 103927K [0x0000000082600000, 0x0000000100000000)
  region size 1024K, 38 young (38912K), 3 survivors (3072K)
 Metaspace       used 47918K, capacity 50181K, committed 50256K, reserved 1091584K
  class space    used 6548K, capacity 7495K, committed 7508K, reserved 1048576K
}
Event: 13.309 GC heap after
{Heap after GC invocations=17 (full 0):
 garbage-first heap   total 155648K, used 70481K [0x0000000082600000, 0x0000000100000000)
  region size 1024K, 3 young (3072K), 3 survivors (3072K)
 Metaspace       used 47918K, capacity 50181K, committed 50256K, reserved 1091584K
  class space    used 6548K, capacity 7495K, committed 7508K, reserved 1048576K
}
Event: 13.389 GC heap before
{Heap before GC invocations=17 (full 0):
 garbage-first heap   total 155648K, used 118609K [0x0000000082600000, 0x0000000100000000)
  region size 1024K, 52 young (53248K), 3 survivors (3072K)
 Metaspace       used 47918K, capacity 50181K, committed 50256K, reserved 1091584K
  class space    used 6548K, capacity 7495K, committed 7508K, reserved 1048576K
}
Event: 13.397 GC heap after
{Heap after GC invocations=18 (full 0):
 garbage-first heap   total 155648K, used 71190K [0x0000000082600000, 0x0000000100000000)
  region size 1024K, 4 young (4096K), 4 survivors (4096K)
 Metaspace       used 47918K, capacity 50181K, committed 50256K, reserved 1091584K
  class space    used 6548K, capacity 7495K, committed 7508K, reserved 1048576K
}
Event: 13.486 GC heap before
{Heap before GC invocations=18 (full 0):
 garbage-first heap   total 155648K, used 122390K [0x0000000082600000, 0x0000000100000000)
  region size 1024K, 56 young (57344K), 4 survivors (4096K)
 Metaspace       used 47918K, capacity 50181K, committed 50256K, reserved 1091584K
  class space    used 6548K, capacity 7495K, committed 7508K, reserved 1048576K
}
Event: 13.494 GC heap after
{Heap after GC invocations=19 (full 0):
 garbage-first heap   total 155648K, used 71378K [0x0000000082600000, 0x0000000100000000)
  region size 1024K, 4 young (4096K), 4 survivors (4096K)
 Metaspace       used 47918K, capacity 50181K, committed 50256K, reserved 1091584K
  class space    used 6548K, capacity 7495K, committed 7508K, reserved 1048576K
}
Event: 13.569 GC heap before
{Heap before GC invocations=19 (full 0):
 garbage-first heap   total 155648K, used 124626K [0x0000000082600000, 0x0000000100000000)
  region size 1024K, 57 young (58368K), 4 survivors (4096K)
 Metaspace       used 47918K, capacity 50181K, committed 50256K, reserved 1091584K
  class space    used 6548K, capacity 7495K, committed 7508K, reserved 1048576K
}
Event: 13.579 GC heap after
{Heap after GC invocations=20 (full 0):
 garbage-first heap   total 155648K, used 72024K [0x0000000082600000, 0x0000000100000000)
  region size 1024K, 5 young (5120K), 5 survivors (5120K)
 Metaspace       used 47918K, capacity 50181K, committed 50256K, reserved 1091584K
  class space    used 6548K, capacity 7495K, committed 7508K, reserved 1048576K
}
Event: 13.660 GC heap before
{Heap before GC invocations=20 (full 0):
 garbage-first heap   total 155648K, used 125272K [0x0000000082600000, 0x0000000100000000)
  region size 1024K, 58 young (59392K), 5 survivors (5120K)
 Metaspace       used 47919K, capacity 50181K, committed 50256K, reserved 1091584K
  class space    used 6549K, capacity 7495K, committed 7508K, reserved 1048576K
}

